<?xml version="1.0" encoding="UTF-8"?>
<testng-results skipped="0" failed="0" ignored="0" total="3" passed="3">
  <reporter-output>
  </reporter-output>
  <suite name="Default suite" duration-ms="980" started-at="2017-11-13T02:23:42Z" finished-at="2017-11-13T02:23:43Z">
    <groups>
    </groups>
    <test name="Default test" duration-ms="980" started-at="2017-11-13T02:23:42Z" finished-at="2017-11-13T02:23:43Z">
      <class name="compiler.compiler.CompilerTest">
        <test-method status="PASS" signature="createTempDir()[pri:0, instance:compiler.compiler.CompilerTest@724af044]" name="createTempDir" is-config="true" duration-ms="38" started-at="2017-11-12T21:23:42Z" finished-at="2017-11-12T21:23:42Z">
          <reporter-output>
          </reporter-output>
        </test-method> <!-- createTempDir -->
        <test-method status="PASS" signature="runningCode_outputsExpectedText(java.lang.String, java.lang.String)[pri:0, instance:compiler.compiler.CompilerTest@724af044]" name="runningCode_outputsExpectedText" duration-ms="577" started-at="2017-11-12T21:23:42Z" data-provider="provide_code_expectedText" finished-at="2017-11-12T21:23:43Z">
          <params>
            <param index="0">
              <value>
                <![CDATA[println(1+2);]]>
              </value>
            </param>
            <param index="1">
              <value>
                <![CDATA[3
]]>
              </value>
            </param>
          </params>
          <reporter-output>
          </reporter-output>
        </test-method> <!-- runningCode_outputsExpectedText -->
        <test-method status="PASS" signature="deleteTempDir()[pri:0, instance:compiler.compiler.CompilerTest@724af044]" name="deleteTempDir" is-config="true" duration-ms="1" started-at="2017-11-12T21:23:43Z" finished-at="2017-11-12T21:23:43Z">
          <reporter-output>
          </reporter-output>
        </test-method> <!-- deleteTempDir -->
        <test-method status="PASS" signature="createTempDir()[pri:0, instance:compiler.compiler.CompilerTest@724af044]" name="createTempDir" is-config="true" duration-ms="0" started-at="2017-11-12T21:23:43Z" finished-at="2017-11-12T21:23:43Z">
          <reporter-output>
          </reporter-output>
        </test-method> <!-- createTempDir -->
        <test-method status="PASS" signature="runningCode_outputsExpectedText(java.lang.String, java.lang.String)[pri:0, instance:compiler.compiler.CompilerTest@724af044]" name="runningCode_outputsExpectedText" duration-ms="133" started-at="2017-11-12T21:23:43Z" data-provider="provide_code_expectedText" finished-at="2017-11-12T21:23:43Z">
          <params>
            <param index="0">
              <value>
                <![CDATA[println(1+2+42);]]>
              </value>
            </param>
            <param index="1">
              <value>
                <![CDATA[45
]]>
              </value>
            </param>
          </params>
          <reporter-output>
          </reporter-output>
        </test-method> <!-- runningCode_outputsExpectedText -->
        <test-method status="PASS" signature="runningCode_outputsExpectedText(java.lang.String, java.lang.String)[pri:0, instance:compiler.compiler.CompilerTest@724af044]" name="runningCode_outputsExpectedText" duration-ms="154" started-at="2017-11-12T21:23:43Z" data-provider="provide_code_expectedText" finished-at="2017-11-12T21:23:43Z">
          <params>
            <param index="0">
              <value>
                <![CDATA[println(1); println(2);]]>
              </value>
            </param>
            <param index="1">
              <value>
                <![CDATA[1
2
]]>
              </value>
            </param>
          </params>
          <reporter-output>
          </reporter-output>
        </test-method> <!-- runningCode_outputsExpectedText -->
        <test-method status="PASS" signature="deleteTempDir()[pri:0, instance:compiler.compiler.CompilerTest@724af044]" name="deleteTempDir" is-config="true" duration-ms="0" started-at="2017-11-12T21:23:43Z" finished-at="2017-11-12T21:23:43Z">
          <reporter-output>
          </reporter-output>
        </test-method> <!-- deleteTempDir -->
        <test-method status="PASS" signature="createTempDir()[pri:0, instance:compiler.compiler.CompilerTest@724af044]" name="createTempDir" is-config="true" duration-ms="0" started-at="2017-11-12T21:23:43Z" finished-at="2017-11-12T21:23:43Z">
          <reporter-output>
          </reporter-output>
        </test-method> <!-- createTempDir -->
        <test-method status="PASS" signature="deleteTempDir()[pri:0, instance:compiler.compiler.CompilerTest@724af044]" name="deleteTempDir" is-config="true" duration-ms="0" started-at="2017-11-12T21:23:43Z" finished-at="2017-11-12T21:23:43Z">
          <reporter-output>
          </reporter-output>
        </test-method> <!-- deleteTempDir -->
      </class> <!-- compiler.compiler.CompilerTest -->
    </test> <!-- Default test -->
  </suite> <!-- Default suite -->
</testng-results>
