<?xml version="1.0" encoding="UTF-8"?>
<!-- Generated by org.testng.reporters.JUnitXMLReporter -->
<testsuite hostname="josealvarez-VirtualBox" ignored="0" name="Default test" tests="3" failures="0" timestamp="13 nov 2017 02:23:43 GMT" time="0.98" errors="0">
  <testcase name="runningCode_outputsExpectedText" time="0.577" classname="compiler.compiler.CompilerTest"/>
  <testcase name="runningCode_outputsExpectedText" time="0.133" classname="compiler.compiler.CompilerTest"/>
  <testcase name="runningCode_outputsExpectedText" time="0.154" classname="compiler.compiler.CompilerTest"/>
</testsuite> <!-- Default test -->
