<?xml version="1.0" encoding="UTF-8"?>
<!-- Generated by org.testng.reporters.JUnitXMLReporter -->
<testsuite hostname="josealvarez-VirtualBox" ignored="0" name="Default test" tests="8" failures="0" timestamp="13 nov 2017 22:23:33 GMT" time="2.279" errors="0">
  <testcase name="runningCode_outputsExpectedText" time="0.821" classname="compiler.compiler.CompilerTest"/>
  <testcase name="runningCode_outputsExpectedText" time="0.205" classname="compiler.compiler.CompilerTest"/>
  <testcase name="runningCode_outputsExpectedText" time="0.214" classname="compiler.compiler.CompilerTest"/>
  <testcase name="runningCode_outputsExpectedText" time="0.142" classname="compiler.compiler.CompilerTest"/>
  <testcase name="runningCode_outputsExpectedText" time="0.196" classname="compiler.compiler.CompilerTest"/>
  <testcase name="runningCode_outputsExpectedText" time="0.172" classname="compiler.compiler.CompilerTest"/>
  <testcase name="runningCode_outputsExpectedText" time="0.176" classname="compiler.compiler.CompilerTest"/>
  <testcase name="runningCode_outputsExpectedText" time="0.146" classname="compiler.compiler.CompilerTest"/>
</testsuite> <!-- Default test -->
